# JRE version: OpenJDK Runtime Environment JBR-17.0.8+7-1000.8-jcef (17.0.8+7) (build 17.0.8+7-b1000.8)
# Java VM: OpenJDK 64-Bit Server VM JBR-17.0.8+7-1000.8-jcef (17.0.8+7-b1000.8, mixed mode, tiered, compressed oops, compressed class ptrs, g1 gc, windows-amd64)
GC Precious Log:
 CPUs: 20 total, 20 available
 Memory: 24283M
 Large Page Support: Disabled
 NUMA Support: Disabled
 Compressed Oops: Enabled (Zero based)
 Heap Region Size: 4M
 Heap Min Capacity: 8M
 Heap Initial Capacity: 380M
 Heap Max Capacity: 6072M
 Pre-touch: Disabled
 Parallel Workers: 15
 Concurrent Workers: 4
 Concurrent Refinement Workers: 15
 Periodic GC: Disabled
Heap:
 garbage-first heap   total 110592K, used 55114K [0x0000000684800000, 0x0000000800000000)
  region size 4096K, 10 young (40960K), 3 survivors (12288K)
 Metaspace       used 42744K, committed 43072K, reserved 1114112K
  class space    used 5440K, committed 5568K, reserved 1048576K
GC Heap History (20 events):
Event: 22.827 GC heap before
{Heap before GC invocations=5 (full 0):
 garbage-first heap   total 40960K, used 23659K [0x0000000684800000, 0x0000000800000000)
  region size 4096K, 4 young (16384K), 1 survivors (4096K)
 Metaspace       used 31752K, committed 32064K, reserved 1114112K
  class space    used 3937K, committed 4096K, reserved 1048576K
}
Event: 22.829 GC heap after
{Heap after GC invocations=6 (full 0):
 garbage-first heap   total 40960K, used 14112K [0x0000000684800000, 0x0000000800000000)
  region size 4096K, 1 young (4096K), 1 survivors (4096K)
 Metaspace       used 31752K, committed 32064K, reserved 1114112K
  class space    used 3937K, committed 4096K, reserved 1048576K
}
Event: 22.993 GC heap before
{Heap before GC invocations=6 (full 0):
 garbage-first heap   total 40960K, used 26400K [0x0000000684800000, 0x0000000800000000)
  region size 4096K, 4 young (16384K), 1 survivors (4096K)
 Metaspace       used 32284K, committed 32576K, reserved 1114112K
  class space    used 4023K, committed 4160K, reserved 1048576K
}
Event: 22.995 GC heap after
{Heap after GC invocations=7 (full 0):
 garbage-first heap   total 40960K, used 16029K [0x0000000684800000, 0x0000000800000000)
  region size 4096K, 1 young (4096K), 1 survivors (4096K)
 Metaspace       used 32284K, committed 32576K, reserved 1114112K
  class space    used 4023K, committed 4160K, reserved 1048576K
}
Event: 24.435 GC heap before
{Heap before GC invocations=7 (full 0):
 garbage-first heap   total 40960K, used 24221K [0x0000000684800000, 0x0000000800000000)
  region size 4096K, 3 young (12288K), 1 survivors (4096K)
 Metaspace       used 32614K, committed 32896K, reserved 1114112K
  class space    used 4030K, committed 4160K, reserved 1048576K
}
Event: 24.442 GC heap after
{Heap after GC invocations=8 (full 0):
 garbage-first heap   total 40960K, used 16599K [0x0000000684800000, 0x0000000800000000)
  region size 4096K, 1 young (4096K), 1 survivors (4096K)
 Metaspace       used 32614K, committed 32896K, reserved 1114112K
  class space    used 4030K, committed 4160K, reserved 1048576K
}
Event: 24.896 GC heap before
{Heap before GC invocations=8 (full 0):
 garbage-first heap   total 40960K, used 24791K [0x0000000684800000, 0x0000000800000000)
  region size 4096K, 3 young (12288K), 1 survivors (4096K)
 Metaspace       used 34559K, committed 34816K, reserved 1114112K
  class space    used 4349K, committed 4480K, reserved 1048576K
}
Event: 24.899 GC heap after
{Heap after GC invocations=9 (full 0):
 garbage-first heap   total 40960K, used 17844K [0x0000000684800000, 0x0000000800000000)
  region size 4096K, 1 young (4096K), 1 survivors (4096K)
 Metaspace       used 34559K, committed 34816K, reserved 1114112K
  class space    used 4349K, committed 4480K, reserved 1048576K
}
Event: 24.956 GC heap before
{Heap before GC invocations=9 (full 0):
 garbage-first heap   total 40960K, used 17844K [0x0000000684800000, 0x0000000800000000)
  region size 4096K, 2 young (8192K), 1 survivors (4096K)
 Metaspace       used 35735K, committed 35968K, reserved 1114112K
  class space    used 4518K, committed 4608K, reserved 1048576K
}
Event: 24.958 GC heap after
{Heap after GC invocations=10 (full 0):
 garbage-first heap   total 40960K, used 19071K [0x0000000684800000, 0x0000000800000000)
  region size 4096K, 1 young (4096K), 1 survivors (4096K)
 Metaspace       used 35735K, committed 35968K, reserved 1114112K
  class space    used 4518K, committed 4608K, reserved 1048576K
}
Event: 25.010 GC heap before
{Heap before GC invocations=11 (full 0):
 garbage-first heap   total 40960K, used 27263K [0x0000000684800000, 0x0000000800000000)
  region size 4096K, 3 young (12288K), 1 survivors (4096K)
 Metaspace       used 36823K, committed 37120K, reserved 1114112K
  class space    used 4627K, committed 4800K, reserved 1048576K
}
Event: 25.012 GC heap after
{Heap after GC invocations=12 (full 0):
 garbage-first heap   total 40960K, used 21305K [0x0000000684800000, 0x0000000800000000)
  region size 4096K, 1 young (4096K), 1 survivors (4096K)
 Metaspace       used 36823K, committed 37120K, reserved 1114112K
  class space    used 4627K, committed 4800K, reserved 1048576K
}
Event: 25.052 GC heap before
{Heap before GC invocations=12 (full 0):
 garbage-first heap   total 40960K, used 25401K [0x0000000684800000, 0x0000000800000000)
  region size 4096K, 2 young (8192K), 1 survivors (4096K)
 Metaspace       used 38222K, committed 38528K, reserved 1114112K
  class space    used 4817K, committed 4992K, reserved 1048576K
}
Event: 25.054 GC heap after
{Heap after GC invocations=13 (full 0):
 garbage-first heap   total 40960K, used 21824K [0x0000000684800000, 0x0000000800000000)
  region size 4096K, 1 young (4096K), 1 survivors (4096K)
 Metaspace       used 38222K, committed 38528K, reserved 1114112K
  class space    used 4817K, committed 4992K, reserved 1048576K
}
Event: 25.096 GC heap before
{Heap before GC invocations=14 (full 0):
 garbage-first heap   total 49152K, used 25920K [0x0000000684800000, 0x0000000800000000)
  region size 4096K, 2 young (8192K), 1 survivors (4096K)
 Metaspace       used 39092K, committed 39360K, reserved 1114112K
  class space    used 4965K, committed 5120K, reserved 1048576K
}
Event: 25.098 GC heap after
{Heap after GC invocations=15 (full 0):
 garbage-first heap   total 49152K, used 22230K [0x0000000684800000, 0x0000000800000000)
  region size 4096K, 1 young (4096K), 1 survivors (4096K)
 Metaspace       used 39092K, committed 39360K, reserved 1114112K
  class space    used 4965K, committed 5120K, reserved 1048576K
}
Event: 25.141 GC heap before
{Heap before GC invocations=15 (full 0):
 garbage-first heap   total 49152K, used 26326K [0x0000000684800000, 0x0000000800000000)
  region size 4096K, 2 young (8192K), 1 survivors (4096K)
 Metaspace       used 39333K, committed 39680K, reserved 1114112K
  class space    used 5016K, committed 5184K, reserved 1048576K
}
Event: 25.142 GC heap after
{Heap after GC invocations=16 (full 0):
 garbage-first heap   total 221184K, used 22906K [0x0000000684800000, 0x0000000800000000)
  region size 4096K, 1 young (4096K), 1 survivors (4096K)
 Metaspace       used 39333K, committed 39680K, reserved 1114112K
  class space    used 5016K, committed 5184K, reserved 1048576K
}
Event: 25.725 GC heap before
{Heap before GC invocations=17 (full 0):
 garbage-first heap   total 110592K, used 80250K [0x0000000684800000, 0x0000000800000000)
  region size 4096K, 17 young (69632K), 1 survivors (4096K)
 Metaspace       used 42486K, committed 42816K, reserved 1114112K
  class space    used 5407K, committed 5568K, reserved 1048576K
}
Event: 25.731 GC heap after
{Heap after GC invocations=18 (full 0):
 garbage-first heap   total 110592K, used 30538K [0x0000000684800000, 0x0000000800000000)
  region size 4096K, 3 young (12288K), 3 survivors (12288K)
 Metaspace       used 42486K, committed 42816K, reserved 1114112K
  class space    used 5407K, committed 5568K, reserved 1048576K
}

